app/build/intermediates/manifest_merge_blame_file/debug/manifest-merger-blame-debug-report.txt
1<?xml version="1.0" encoding="utf-8"?>
2<manifest xmlns:android="http://schemas.android.com/apk/res/android"
3    package="com.cerengumus.bitcointrackerapp"
4    android:versionCode="1"
5    android:versionName="1.0" >
6
7    <uses-sdk
8        android:minSdkVersion="21"
8-->src/main/AndroidManifest.xml
9        android:targetSdkVersion="34" />
9-->src/main/AndroidManifest.xml
10
11    <uses-permission android:name="android.permission.ACCESS_NETWORK_STATE" />
11-->src/main/AndroidManifest.xml:5:5-79
11-->src/main/AndroidManifest.xml:5:22-76
12    <uses-permission android:name="android.permission.INTERNET" />
12-->src/main/AndroidManifest.xml:6:5-67
12-->src/main/AndroidManifest.xml:6:22-64
13
14    <permission
14-->[androidx.core:core:1.9.0] AndroidManifest.xml:22:5-24:47
15        android:name="com.cerengumus.bitcointrackerapp.DYNAMIC_RECEIVER_NOT_EXPORTED_PERMISSION"
15-->[androidx.core:core:1.9.0] AndroidManifest.xml:23:9-81
16        android:protectionLevel="signature" />
16-->[androidx.core:core:1.9.0] AndroidManifest.xml:24:9-44
17
18    <uses-permission android:name="com.cerengumus.bitcointrackerapp.DYNAMIC_RECEIVER_NOT_EXPORTED_PERMISSION" />
18-->[androidx.core:core:1.9.0] AndroidManifest.xml:26:5-97
18-->[androidx.core:core:1.9.0] AndroidManifest.xml:26:22-94
19
20    <application
20-->src/main/AndroidManifest.xml:8:5-30:19
21        android:name="com.cerengumus.bitcointrackerapp.BitCoinTrackerApp"
21-->src/main/AndroidManifest.xml:9:9-42
22        android:allowBackup="true"
22-->src/main/AndroidManifest.xml:10:9-35
23        android:appComponentFactory="androidx.core.app.CoreComponentFactory"
23-->[androidx.core:core:1.9.0] AndroidManifest.xml:28:18-86
24        android:debuggable="true"
25        android:icon="@mipmap/ic_launcher"
25-->src/main/AndroidManifest.xml:11:9-43
26        android:label="@string/app_name"
26-->src/main/AndroidManifest.xml:12:9-41
27        android:roundIcon="@mipmap/ic_launcher_round"
27-->src/main/AndroidManifest.xml:13:9-54
28        android:supportsRtl="true"
28-->src/main/AndroidManifest.xml:14:9-35
29        android:testOnly="true"
30        android:theme="@style/Theme.Design.NoActionBar" >
30-->src/main/AndroidManifest.xml:15:9-56
31        <activity android:name="com.cerengumus.bitcointrackerapp.ui.login.LoginScreenActivity" />
31-->src/main/AndroidManifest.xml:17:9-66
31-->src/main/AndroidManifest.xml:17:19-63
32        <activity
32-->src/main/AndroidManifest.xml:18:9-26:20
33            android:name="com.cerengumus.bitcointrackerapp.ui.splash.SplashScreenActivity"
33-->src/main/AndroidManifest.xml:19:13-59
34            android:exported="true" >
34-->src/main/AndroidManifest.xml:20:13-36
35            <intent-filter>
35-->src/main/AndroidManifest.xml:21:13-25:29
36                <action android:name="android.intent.action.MAIN" />
36-->src/main/AndroidManifest.xml:22:17-69
36-->src/main/AndroidManifest.xml:22:25-66
37
38                <category android:name="android.intent.category.LAUNCHER" />
38-->src/main/AndroidManifest.xml:24:17-77
38-->src/main/AndroidManifest.xml:24:27-74
39            </intent-filter>
40        </activity>
41        <activity
41-->src/main/AndroidManifest.xml:27:9-29:59
42            android:name="com.cerengumus.bitcointrackerapp.ui.MainScreenActivity"
42-->src/main/AndroidManifest.xml:28:13-50
43            android:windowSoftInputMode="adjustNothing" />
43-->src/main/AndroidManifest.xml:29:13-56
44
45        <service
45-->[com.google.firebase:firebase-auth-ktx:22.1.1] AndroidManifest.xml:8:9-14:19
46            android:name="com.google.firebase.components.ComponentDiscoveryService"
46-->[com.google.firebase:firebase-auth-ktx:22.1.1] AndroidManifest.xml:9:13-84
47            android:directBootAware="true"
47-->[com.google.firebase:firebase-common:20.3.2] AndroidManifest.xml:34:13-43
48            android:exported="false" >
48-->[com.google.firebase:firebase-auth-ktx:22.1.1] AndroidManifest.xml:10:13-37
49            <meta-data
49-->[com.google.firebase:firebase-auth-ktx:22.1.1] AndroidManifest.xml:11:13-13:85
50                android:name="com.google.firebase.components:com.google.firebase.auth.ktx.FirebaseAuthKtxRegistrar"
50-->[com.google.firebase:firebase-auth-ktx:22.1.1] AndroidManifest.xml:12:17-116
51                android:value="com.google.firebase.components.ComponentRegistrar" />
51-->[com.google.firebase:firebase-auth-ktx:22.1.1] AndroidManifest.xml:13:17-82
52            <meta-data
52-->[com.google.firebase:firebase-firestore-ktx:24.7.0] AndroidManifest.xml:14:13-16:85
53                android:name="com.google.firebase.components:com.google.firebase.firestore.ktx.FirebaseFirestoreKtxRegistrar"
53-->[com.google.firebase:firebase-firestore-ktx:24.7.0] AndroidManifest.xml:15:17-126
54                android:value="com.google.firebase.components.ComponentRegistrar" />
54-->[com.google.firebase:firebase-firestore-ktx:24.7.0] AndroidManifest.xml:16:17-82
55            <meta-data
55-->[com.google.firebase:firebase-common-ktx:20.3.1] AndroidManifest.xml:14:13-16:85
56                android:name="com.google.firebase.components:com.google.firebase.ktx.FirebaseCommonKtxRegistrar"
56-->[com.google.firebase:firebase-common-ktx:20.3.1] AndroidManifest.xml:15:17-113
57                android:value="com.google.firebase.components.ComponentRegistrar" />
57-->[com.google.firebase:firebase-common-ktx:20.3.1] AndroidManifest.xml:16:17-82
58            <meta-data
58-->[com.google.firebase:firebase-auth:22.1.1] AndroidManifest.xml:69:13-71:85
59                android:name="com.google.firebase.components:com.google.firebase.auth.FirebaseAuthRegistrar"
59-->[com.google.firebase:firebase-auth:22.1.1] AndroidManifest.xml:70:17-109
60                android:value="com.google.firebase.components.ComponentRegistrar" />
60-->[com.google.firebase:firebase-auth:22.1.1] AndroidManifest.xml:71:17-82
61            <meta-data
61-->[com.google.firebase:firebase-firestore:24.7.0] AndroidManifest.xml:19:13-21:85
62                android:name="com.google.firebase.components:com.google.firebase.firestore.FirestoreRegistrar"
62-->[com.google.firebase:firebase-firestore:24.7.0] AndroidManifest.xml:20:17-111
63                android:value="com.google.firebase.components.ComponentRegistrar" />
63-->[com.google.firebase:firebase-firestore:24.7.0] AndroidManifest.xml:21:17-82
64        </service>
65
66        <activity
66-->[com.google.firebase:firebase-auth:22.1.1] AndroidManifest.xml:29:9-46:20
67            android:name="com.google.firebase.auth.internal.GenericIdpActivity"
67-->[com.google.firebase:firebase-auth:22.1.1] AndroidManifest.xml:30:13-80
68            android:excludeFromRecents="true"
68-->[com.google.firebase:firebase-auth:22.1.1] AndroidManifest.xml:31:13-46
69            android:exported="true"
69-->[com.google.firebase:firebase-auth:22.1.1] AndroidManifest.xml:32:13-36
70            android:launchMode="singleTask"
70-->[com.google.firebase:firebase-auth:22.1.1] AndroidManifest.xml:33:13-44
71            android:theme="@android:style/Theme.Translucent.NoTitleBar" >
71-->[com.google.firebase:firebase-auth:22.1.1] AndroidManifest.xml:34:13-72
72            <intent-filter>
72-->[com.google.firebase:firebase-auth:22.1.1] AndroidManifest.xml:35:13-45:29
73                <action android:name="android.intent.action.VIEW" />
73-->[com.google.firebase:firebase-auth:22.1.1] AndroidManifest.xml:36:17-69
73-->[com.google.firebase:firebase-auth:22.1.1] AndroidManifest.xml:36:25-66
74
75                <category android:name="android.intent.category.DEFAULT" />
75-->[com.google.firebase:firebase-auth:22.1.1] AndroidManifest.xml:38:17-76
75-->[com.google.firebase:firebase-auth:22.1.1] AndroidManifest.xml:38:27-73
76                <category android:name="android.intent.category.BROWSABLE" />
76-->[com.google.firebase:firebase-auth:22.1.1] AndroidManifest.xml:39:17-78
76-->[com.google.firebase:firebase-auth:22.1.1] AndroidManifest.xml:39:27-75
77
78                <data
78-->[com.google.firebase:firebase-auth:22.1.1] AndroidManifest.xml:41:17-44:51
79                    android:host="firebase.auth"
79-->[com.google.firebase:firebase-auth:22.1.1] AndroidManifest.xml:42:21-49
80                    android:path="/"
80-->[com.google.firebase:firebase-auth:22.1.1] AndroidManifest.xml:43:21-37
81                    android:scheme="genericidp" />
81-->[com.google.firebase:firebase-auth:22.1.1] AndroidManifest.xml:44:21-48
82            </intent-filter>
83        </activity>
84        <activity
84-->[com.google.firebase:firebase-auth:22.1.1] AndroidManifest.xml:47:9-64:20
85            android:name="com.google.firebase.auth.internal.RecaptchaActivity"
85-->[com.google.firebase:firebase-auth:22.1.1] AndroidManifest.xml:48:13-79
86            android:excludeFromRecents="true"
86-->[com.google.firebase:firebase-auth:22.1.1] AndroidManifest.xml:49:13-46
87            android:exported="true"
87-->[com.google.firebase:firebase-auth:22.1.1] AndroidManifest.xml:50:13-36
88            android:launchMode="singleTask"
88-->[com.google.firebase:firebase-auth:22.1.1] AndroidManifest.xml:51:13-44
89            android:theme="@android:style/Theme.Translucent.NoTitleBar" >
89-->[com.google.firebase:firebase-auth:22.1.1] AndroidManifest.xml:52:13-72
90            <intent-filter>
90-->[com.google.firebase:firebase-auth:22.1.1] AndroidManifest.xml:53:13-63:29
91                <action android:name="android.intent.action.VIEW" />
91-->[com.google.firebase:firebase-auth:22.1.1] AndroidManifest.xml:36:17-69
91-->[com.google.firebase:firebase-auth:22.1.1] AndroidManifest.xml:36:25-66
92
93                <category android:name="android.intent.category.DEFAULT" />
93-->[com.google.firebase:firebase-auth:22.1.1] AndroidManifest.xml:38:17-76
93-->[com.google.firebase:firebase-auth:22.1.1] AndroidManifest.xml:38:27-73
94                <category android:name="android.intent.category.BROWSABLE" />
94-->[com.google.firebase:firebase-auth:22.1.1] AndroidManifest.xml:39:17-78
94-->[com.google.firebase:firebase-auth:22.1.1] AndroidManifest.xml:39:27-75
95
96                <data
96-->[com.google.firebase:firebase-auth:22.1.1] AndroidManifest.xml:41:17-44:51
97                    android:host="firebase.auth"
97-->[com.google.firebase:firebase-auth:22.1.1] AndroidManifest.xml:42:21-49
98                    android:path="/"
98-->[com.google.firebase:firebase-auth:22.1.1] AndroidManifest.xml:43:21-37
99                    android:scheme="recaptcha" />
99-->[com.google.firebase:firebase-auth:22.1.1] AndroidManifest.xml:44:21-48
100            </intent-filter>
101        </activity>
102        <activity
102-->[com.google.android.gms:play-services-auth:20.6.0] AndroidManifest.xml:23:9-27:75
103            android:name="com.google.android.gms.auth.api.signin.internal.SignInHubActivity"
103-->[com.google.android.gms:play-services-auth:20.6.0] AndroidManifest.xml:24:13-93
104            android:excludeFromRecents="true"
104-->[com.google.android.gms:play-services-auth:20.6.0] AndroidManifest.xml:25:13-46
105            android:exported="false"
105-->[com.google.android.gms:play-services-auth:20.6.0] AndroidManifest.xml:26:13-37
106            android:theme="@android:style/Theme.Translucent.NoTitleBar" />
106-->[com.google.android.gms:play-services-auth:20.6.0] AndroidManifest.xml:27:13-72
107        <!--
108            Service handling Google Sign-In user revocation. For apps that do not integrate with
109            Google Sign-In, this service will never be started.
110        -->
111        <service
111-->[com.google.android.gms:play-services-auth:20.6.0] AndroidManifest.xml:33:9-37:51
112            android:name="com.google.android.gms.auth.api.signin.RevocationBoundService"
112-->[com.google.android.gms:play-services-auth:20.6.0] AndroidManifest.xml:34:13-89
113            android:exported="true"
113-->[com.google.android.gms:play-services-auth:20.6.0] AndroidManifest.xml:35:13-36
114            android:permission="com.google.android.gms.auth.api.signin.permission.REVOCATION_NOTIFICATION"
114-->[com.google.android.gms:play-services-auth:20.6.0] AndroidManifest.xml:36:13-107
115            android:visibleToInstantApps="true" />
115-->[com.google.android.gms:play-services-auth:20.6.0] AndroidManifest.xml:37:13-48
116
117        <activity
117-->[com.google.android.gms:play-services-base:18.0.1] AndroidManifest.xml:20:9-22:45
118            android:name="com.google.android.gms.common.api.GoogleApiActivity"
118-->[com.google.android.gms:play-services-base:18.0.1] AndroidManifest.xml:20:19-85
119            android:exported="false"
119-->[com.google.android.gms:play-services-base:18.0.1] AndroidManifest.xml:22:19-43
120            android:theme="@android:style/Theme.Translucent.NoTitleBar" />
120-->[com.google.android.gms:play-services-base:18.0.1] AndroidManifest.xml:21:19-78
121
122        <provider
122-->[com.google.firebase:firebase-common:20.3.2] AndroidManifest.xml:25:9-30:39
123            android:name="com.google.firebase.provider.FirebaseInitProvider"
123-->[com.google.firebase:firebase-common:20.3.2] AndroidManifest.xml:26:13-77
124            android:authorities="com.cerengumus.bitcointrackerapp.firebaseinitprovider"
124-->[com.google.firebase:firebase-common:20.3.2] AndroidManifest.xml:27:13-72
125            android:directBootAware="true"
125-->[com.google.firebase:firebase-common:20.3.2] AndroidManifest.xml:28:13-43
126            android:exported="false"
126-->[com.google.firebase:firebase-common:20.3.2] AndroidManifest.xml:29:13-37
127            android:initOrder="100" />
127-->[com.google.firebase:firebase-common:20.3.2] AndroidManifest.xml:30:13-36
128
129        <meta-data
129-->[com.google.android.gms:play-services-basement:18.2.0] AndroidManifest.xml:21:9-23:69
130            android:name="com.google.android.gms.version"
130-->[com.google.android.gms:play-services-basement:18.2.0] AndroidManifest.xml:22:13-58
131            android:value="@integer/google_play_services_version" />
131-->[com.google.android.gms:play-services-basement:18.2.0] AndroidManifest.xml:23:13-66
132
133        <provider
133-->[androidx.emoji2:emoji2:1.2.0] AndroidManifest.xml:24:9-32:20
134            android:name="androidx.startup.InitializationProvider"
134-->[androidx.emoji2:emoji2:1.2.0] AndroidManifest.xml:25:13-67
135            android:authorities="com.cerengumus.bitcointrackerapp.androidx-startup"
135-->[androidx.emoji2:emoji2:1.2.0] AndroidManifest.xml:26:13-68
136            android:exported="false" >
136-->[androidx.emoji2:emoji2:1.2.0] AndroidManifest.xml:27:13-37
137            <meta-data
137-->[androidx.emoji2:emoji2:1.2.0] AndroidManifest.xml:29:13-31:52
138                android:name="androidx.emoji2.text.EmojiCompatInitializer"
138-->[androidx.emoji2:emoji2:1.2.0] AndroidManifest.xml:30:17-75
139                android:value="androidx.startup" />
139-->[androidx.emoji2:emoji2:1.2.0] AndroidManifest.xml:31:17-49
140            <meta-data
140-->[androidx.lifecycle:lifecycle-process:2.6.0] AndroidManifest.xml:29:13-31:52
141                android:name="androidx.lifecycle.ProcessLifecycleInitializer"
141-->[androidx.lifecycle:lifecycle-process:2.6.0] AndroidManifest.xml:30:17-78
142                android:value="androidx.startup" />
142-->[androidx.lifecycle:lifecycle-process:2.6.0] AndroidManifest.xml:31:17-49
143            <meta-data
143-->[androidx.profileinstaller:profileinstaller:1.2.1] AndroidManifest.xml:30:13-32:52
144                android:name="androidx.profileinstaller.ProfileInstallerInitializer"
144-->[androidx.profileinstaller:profileinstaller:1.2.1] AndroidManifest.xml:31:17-85
145                android:value="androidx.startup" />
145-->[androidx.profileinstaller:profileinstaller:1.2.1] AndroidManifest.xml:32:17-49
146        </provider>
147
148        <uses-library
148-->[androidx.window:window:1.0.0] AndroidManifest.xml:25:9-27:40
149            android:name="androidx.window.extensions"
149-->[androidx.window:window:1.0.0] AndroidManifest.xml:26:13-54
150            android:required="false" />
150-->[androidx.window:window:1.0.0] AndroidManifest.xml:27:13-37
151        <uses-library
151-->[androidx.window:window:1.0.0] AndroidManifest.xml:28:9-30:40
152            android:name="androidx.window.sidecar"
152-->[androidx.window:window:1.0.0] AndroidManifest.xml:29:13-51
153            android:required="false" />
153-->[androidx.window:window:1.0.0] AndroidManifest.xml:30:13-37
154
155        <service
155-->[androidx.room:room-runtime:2.5.1] AndroidManifest.xml:24:9-28:63
156            android:name="androidx.room.MultiInstanceInvalidationService"
156-->[androidx.room:room-runtime:2.5.1] AndroidManifest.xml:25:13-74
157            android:directBootAware="true"
157-->[androidx.room:room-runtime:2.5.1] AndroidManifest.xml:26:13-43
158            android:exported="false" />
158-->[androidx.room:room-runtime:2.5.1] AndroidManifest.xml:27:13-37
159
160        <receiver
160-->[androidx.profileinstaller:profileinstaller:1.2.1] AndroidManifest.xml:35:9-47:20
161            android:name="androidx.profileinstaller.ProfileInstallReceiver"
161-->[androidx.profileinstaller:profileinstaller:1.2.1] AndroidManifest.xml:36:13-76
162            android:directBootAware="false"
162-->[androidx.profileinstaller:profileinstaller:1.2.1] AndroidManifest.xml:37:13-44
163            android:enabled="true"
163-->[androidx.profileinstaller:profileinstaller:1.2.1] AndroidManifest.xml:38:13-35
164            android:exported="true"
164-->[androidx.profileinstaller:profileinstaller:1.2.1] AndroidManifest.xml:39:13-36
165            android:permission="android.permission.DUMP" >
165-->[androidx.profileinstaller:profileinstaller:1.2.1] AndroidManifest.xml:40:13-57
166            <intent-filter>
166-->[androidx.profileinstaller:profileinstaller:1.2.1] AndroidManifest.xml:41:13-43:29
167                <action android:name="androidx.profileinstaller.action.INSTALL_PROFILE" />
167-->[androidx.profileinstaller:profileinstaller:1.2.1] AndroidManifest.xml:42:17-91
167-->[androidx.profileinstaller:profileinstaller:1.2.1] AndroidManifest.xml:42:25-88
168            </intent-filter>
169            <intent-filter>
169-->[androidx.profileinstaller:profileinstaller:1.2.1] AndroidManifest.xml:44:13-46:29
170                <action android:name="androidx.profileinstaller.action.SKIP_FILE" />
170-->[androidx.profileinstaller:profileinstaller:1.2.1] AndroidManifest.xml:45:17-85
170-->[androidx.profileinstaller:profileinstaller:1.2.1] AndroidManifest.xml:45:25-82
171            </intent-filter>
172        </receiver>
173    </application>
174
175</manifest>